<?xml version="1.0" encoding="UTF-8"?>
<!-- Generated by org.testng.reporters.JUnitReportReporter -->
<testsuite hostname="M5337769" failures="0" tests="3" name="com.search.testcases.SearchMovieFunctionality" time="15.170" errors="0" timestamp="2021-04-03T16:09:34 IST" skipped="0">
  <testcase classname="com.search.testcases.SearchMovieFunctionality" name="getFilterAPIResponse" time="1.027"/>
  <system-out/>
  <testcase classname="com.search.testcases.SearchMovieFunctionality" name="getAllTitlesfromWeb" time="14.139"/>
  <system-out/>
  <testcase classname="com.search.testcases.SearchMovieFunctionality" name="verifyApiResponseWithWebResult" time="0.004"/>
  <system-out/>
</testsuite> <!-- com.search.testcases.SearchMovieFunctionality -->
